bibliapp/proguard/seeds.txt
hu.droidium.bibliapp.BaseActivity: BaseActivity()
hu.droidium.bibliapp.BibleBaseActivity: BibleBaseActivity()
hu.droidium.bibliapp.BookListActivity
hu.droidium.bibliapp.BookListActivity: BookListActivity()
hu.droidium.bibliapp.BookListActivity: void onClick(android.view.View)
hu.droidium.bibliapp.ChapterListActivity
hu.droidium.bibliapp.ChapterListActivity: ChapterListActivity()
hu.droidium.bibliapp.MainActivity
hu.droidium.bibliapp.MainActivity: MainActivity()
hu.droidium.bibliapp.MainActivity: void onClick(android.view.View)
hu.droidium.bibliapp.Orientation: hu.droidium.bibliapp.Orientation[] values()
hu.droidium.bibliapp.Orientation: hu.droidium.bibliapp.Orientation valueOf(java.lang.String)
hu.droidium.bibliapp.R$anim: int facebook_share_button_in_from_right
hu.droidium.bibliapp.R$anim: int highlight_button_in_from_right
hu.droidium.bibliapp.R$anim: int save_bookmark_button_in_from_right
hu.droidium.bibliapp.R$attr: int confirm_logout
hu.droidium.bibliapp.R$attr: int done_button_background
hu.droidium.bibliapp.R$attr: int done_button_text
hu.droidium.bibliapp.R$attr: int extra_fields
hu.droidium.bibliapp.R$attr: int fetch_user_info
hu.droidium.bibliapp.R$attr: int is_cropped
hu.droidium.bibliapp.R$attr: int login_text
hu.droidium.bibliapp.R$attr: int logout_text
hu.droidium.bibliapp.R$attr: int multi_select
hu.droidium.bibliapp.R$attr: int preset_size
hu.droidium.bibliapp.R$attr: int radius_in_meters
hu.droidium.bibliapp.R$attr: int results_limit
hu.droidium.bibliapp.R$attr: int search_text
hu.droidium.bibliapp.R$attr: int show_pictures
hu.droidium.bibliapp.R$attr: int show_search_box
hu.droidium.bibliapp.R$attr: int show_title_bar
hu.droidium.bibliapp.R$attr: int title_bar_background
hu.droidium.bibliapp.R$attr: int title_text
hu.droidium.bibliapp.R$color: int black
hu.droidium.bibliapp.R$color: int com_facebook_blue
hu.droidium.bibliapp.R$color: int com_facebook_loginview_text_color
hu.droidium.bibliapp.R$color: int com_facebook_picker_search_bar_background
hu.droidium.bibliapp.R$color: int com_facebook_picker_search_bar_text
hu.droidium.bibliapp.R$color: int com_facebook_usersettingsfragment_connected_shadow_color
hu.droidium.bibliapp.R$color: int com_facebook_usersettingsfragment_connected_text_color
hu.droidium.bibliapp.R$color: int com_facebook_usersettingsfragment_not_connected_text_color
hu.droidium.bibliapp.R$color: int dialogBackgroundColor
hu.droidium.bibliapp.R$color: int firstMenu
hu.droidium.bibliapp.R$color: int gold
hu.droidium.bibliapp.R$color: int marilynFirst
hu.droidium.bibliapp.R$color: int marilynFirstHighlight
hu.droidium.bibliapp.R$color: int marilynFourth
hu.droidium.bibliapp.R$color: int marilynFourthHighlight
hu.droidium.bibliapp.R$color: int marilynSecond
hu.droidium.bibliapp.R$color: int marilynSecondHighlight
hu.droidium.bibliapp.R$color: int marilynThird
hu.droidium.bibliapp.R$color: int marilynThirdHighlight
hu.droidium.bibliapp.R$color: int secondMenu
hu.droidium.bibliapp.R$color: int terminatorFirst
hu.droidium.bibliapp.R$color: int terminatorFirstHighlight
hu.droidium.bibliapp.R$color: int terminatorFourth
hu.droidium.bibliapp.R$color: int terminatorFourthHighlight
hu.droidium.bibliapp.R$color: int terminatorSecond
...
com.facebook.android.R$layout: int com_facebook_friendpickerfragment
com.facebook.android.R$layout: int com_facebook_login_activity_layout
com.facebook.android.R$layout: int com_facebook_picker_activity_circle_row
com.facebook.android.R$layout: int com_facebook_picker_checkbox
com.facebook.android.R$layout: int com_facebook_picker_image
com.facebook.android.R$layout: int com_facebook_picker_list_row
com.facebook.android.R$layout: int com_facebook_picker_list_section_header
com.facebook.android.R$layout: int com_facebook_picker_search_box
com.facebook.android.R$layout: int com_facebook_picker_title_bar
com.facebook.android.R$layout: int com_facebook_picker_title_bar_stub
com.facebook.android.R$layout: int com_facebook_placepickerfragment
com.facebook.android.R$layout: int com_facebook_placepickerfragment_list_row
com.facebook.android.R$layout: int com_facebook_search_bar_layout
com.facebook.android.R$layout: int com_facebook_usersettingsfragment
com.facebook.android.R$string: int com_facebook_choose_friends
com.facebook.android.R$string: int com_facebook_dialogloginactivity_ok_button
com.facebook.android.R$string: int com_facebook_internet_permission_error_message
com.facebook.android.R$string: int com_facebook_internet_permission_error_title
com.facebook.android.R$string: int com_facebook_loading
com.facebook.android.R$string: int com_facebook_loginview_cancel_action
com.facebook.android.R$string: int com_facebook_loginview_log_in_button
com.facebook.android.R$string: int com_facebook_loginview_log_out_action
com.facebook.android.R$string: int com_facebook_loginview_log_out_button
com.facebook.android.R$string: int com_facebook_loginview_logged_in_as
com.facebook.android.R$string: int com_facebook_loginview_logged_in_using_facebook
com.facebook.android.R$string: int com_facebook_logo_content_description
com.facebook.android.R$string: int com_facebook_nearby
com.facebook.android.R$string: int com_facebook_picker_done_button_text
com.facebook.android.R$string: int com_facebook_placepicker_subtitle_catetory_only_format
com.facebook.android.R$string: int com_facebook_placepicker_subtitle_format
com.facebook.android.R$string: int com_facebook_placepicker_subtitle_were_here_only_format
com.facebook.android.R$string: int com_facebook_requesterror_password_changed
com.facebook.android.R$string: int com_facebook_requesterror_permissions
com.facebook.android.R$string: int com_facebook_requesterror_reconnect
com.facebook.android.R$style: int com_facebook_loginview_default_style
com.facebook.android.R$style: int com_facebook_loginview_silver_style