bibliapp/proguard/mapping.txt
hu.droidium.bibliapp.BaseActivity -> hu.droidium.bibliapp.a:
    android.app.ProgressDialog progressDialog -> a
    android.app.Dialog dialog -> b
    boolean showDialog(int,int,int,android.view.View$OnClickListener,int,android.view.View$OnClickListener,int,android.view.View$OnClickListener,hu.droidium.bibliapp.Orientation) -> a
    boolean showDialog(int,java.lang.String,java.lang.String,java.lang.String,android.view.View$OnClickListener,java.lang.String,android.view.View$OnClickListener,java.lang.String,android.view.View$OnClickListener,hu.droidium.bibliapp.Orientation) -> a
    android.app.Dialog access$0(hu.droidium.bibliapp.BaseActivity) -> a
    void access$1(hu.droidium.bibliapp.BaseActivity,android.app.Dialog) -> a
hu.droidium.bibliapp.BaseActivity$1 -> hu.droidium.bibliapp.b:
    hu.droidium.bibliapp.BaseActivity this$0 -> a
    android.view.View$OnClickListener val$firstButtonListener -> b
    void onClick(android.view.View) -> onClick
hu.droidium.bibliapp.BaseActivity$2 -> hu.droidium.bibliapp.c:
    hu.droidium.bibliapp.BaseActivity this$0 -> a
    android.view.View$OnClickListener val$secondButtonListener -> b
    void onClick(android.view.View) -> onClick
hu.droidium.bibliapp.BaseActivity$3 -> hu.droidium.bibliapp.d:
    hu.droidium.bibliapp.BaseActivity this$0 -> a
    android.view.View$OnClickListener val$thirdButtonListener -> b
    void onClick(android.view.View) -> onClick
hu.droidium.bibliapp.BibleBaseActivity -> hu.droidium.bibliapp.e:
    java.util.List PERMISSIONS -> d
    com.facebook.Session session -> e
    boolean sessionOnline -> f
    com.facebook.UiLifecycleHelper uiHelper -> g
    boolean pendingPublishReauthorization -> h
    hu.droidium.bibliapp.data.BibleDataAdapter bibleDataAdapter -> a
    hu.droidium.bibliapp.data.BookmarkDataAdapter bookmarkDataAdapter -> b
    hu.droidium.bibliapp.data.TagDataAdapter tagDataAdapter -> c
    hu.droidium.bibliapp.data.Translator translator -> i
    android.content.SharedPreferences prefs -> j
    void onCreate(android.os.Bundle) -> onCreate
    void onResume() -> onResume
    void login() -> e
    void onPause() -> onPause
    void onDestroy() -> onDestroy
    void onSaveInstanceState(android.os.Bundle) -> onSaveInstanceState
    void call(com.facebook.Session,com.facebook.SessionState,java.lang.Exception) -> a
    void onActivityResult(int,int,android.content.Intent) -> onActivityResult
    void checkIfOnline() -> f
    void facebookSessionOpened() -> a
    void facebookSessionClosed() -> b
    java.util.List getAllBookmarks() -> c
    hu.droidium.bibliapp.database.Bookmark saveBookmark(java.lang.String,java.lang.String,int,int,java.lang.String) -> a
    void publishStory(java.lang.String,java.lang.String,java.lang.String) -> a
    void publishStory() -> g
    boolean isSubsetOf(java.util.Collection,java.util.Collection) -> a
    boolean isFacebookSessionOpened() -> d
hu.droidium.bibliapp.BibleBaseActivity$1 -> hu.droidium.bibliapp.f:
    hu.droidium.bibliapp.BibleBaseActivity this$0 -> a
    void onClick(android.view.View) -> onClick
hu.droidium.bibliapp.BibleBaseActivity$2 -> hu.droidium.bibliapp.g:
    hu.droidium.bibliapp.BibleBaseActivity this$0 -> a
    void onClick(android.view.View) -> onClick
hu.droidium.bibliapp.BibleBaseActivity$3 -> hu.droidium.bibliapp.h:
    hu.droidium.bibliapp.BibleBaseActivity this$0 -> a
    void onCompleted(com.facebook.model.GraphUser,com.facebook.Response) -> a
hu.droidium.bibliapp.BibleBaseActivity$4 -> hu.droidium.bibliapp.i:
    hu.droidium.bibliapp.BibleBaseActivity this$0 -> a
    void onCompleted(com.facebook.Response) -> a
...
com.facebook.internal.FileLruCache$2 -> com.facebook.b.d:
    com.facebook.internal.FileLruCache this$0 -> a
    java.io.File[] val$filesToDelete -> b
    void run() -> run
com.facebook.internal.FileLruCache$3 -> com.facebook.b.e:
    com.facebook.internal.FileLruCache this$0 -> a
    void run() -> run
com.facebook.internal.FileLruCache$BufferFile -> com.facebook.b.f:
    java.io.FilenameFilter filterExcludeBufferFiles -> a
    java.io.FilenameFilter filterExcludeNonBufferFiles -> b
    void deleteAll(java.io.File) -> a
    java.io.FilenameFilter excludeBufferFiles() -> a
    java.io.FilenameFilter excludeNonBufferFiles() -> b
    java.io.File newFile(java.io.File) -> b
com.facebook.internal.FileLruCache$BufferFile$1 -> com.facebook.b.g:
    boolean accept(java.io.File,java.lang.String) -> accept
com.facebook.internal.FileLruCache$BufferFile$2 -> com.facebook.b.h:
    boolean accept(java.io.File,java.lang.String) -> accept
com.facebook.internal.FileLruCache$CloseCallbackOutputStream -> com.facebook.b.i:
    java.io.OutputStream innerStream -> a
    com.facebook.internal.FileLruCache$StreamCloseCallback callback -> b
    void close() -> close
    void flush() -> flush
    void write(byte[],int,int) -> write
    void write(byte[]) -> write
    void write(int) -> write
com.facebook.internal.FileLruCache$CopyingInputStream -> com.facebook.b.j:
    java.io.InputStream input -> a
    java.io.OutputStream output -> b
    int available() -> available
    void close() -> close
    void mark(int) -> mark
    boolean markSupported() -> markSupported
    int read(byte[]) -> read
    int read() -> read
    int read(byte[],int,int) -> read
    void reset() -> reset
    long skip(long) -> skip
com.facebook.internal.FileLruCache$Limits -> com.facebook.b.k:
    int byteCount -> a
    int fileCount -> b
    int getByteCount() -> a
    int getFileCount() -> b
com.facebook.internal.FileLruCache$ModifiedFile -> com.facebook.b.l:
    java.io.File file -> a
    long modified -> b
    java.io.File getFile() -> a
    long getModified() -> b
    int compareTo(com.facebook.internal.FileLruCache$ModifiedFile) -> a
    boolean equals(java.lang.Object) -> equals
    int hashCode() -> hashCode
    int compareTo(java.lang.Object) -> compareTo
com.facebook.internal.FileLruCache$StreamCloseCallback -> com.facebook.b.m:
    void onClose() -> a
com.facebook.internal.FileLruCache$StreamHeader -> com.facebook.b.n:
    void writeHeader(java.io.OutputStream,org.json.JSONObject) -> a
    org.json.JSONObject readHeader(java.io.InputStream) -> a
com.facebook.internal.ImageDownloader -> com.facebook.b.o:
    com.facebook.internal.WorkQueue downloadQueue -> a
    com.facebook.internal.WorkQueue cacheReadQueue -> b
    java.util.Map pendingRequests -> c
    void clearCache(android.content.Context) -> a
com.facebook.internal.ImageResponseCache -> com.facebook.b.p:
    java.lang.String TAG -> a
    com.facebook.internal.FileLruCache imageCache -> b
    com.facebook.internal.FileLruCache getCache(android.content.Context) -> a
    void clearCache(android.content.Context) -> b