bibliapp/proguard/usage.txt
hu.droidium.bibliapp.BaseActivity:
    22:25:protected boolean showDialog(int,int,int,android.view.View$OnClickListener)
    31:35:protected boolean showDialog(int,int,int,android.view.View$OnClickListener,int,android.view.View$OnClickListener,hu.droidium.bibliapp.Orientation)
    52:55:protected boolean showDialog(int,int,int,int,android.view.View$OnClickListener)
    61:65:protected boolean showDialog(int,int,int,int,android.view.View$OnClickListener,int,android.view.View$OnClickListener,hu.droidium.bibliapp.Orientation)
    72:77:protected boolean showDialog(int,int,int,int,android.view.View$OnClickListener,int,android.view.View$OnClickListener,int,android.view.View$OnClickListener,hu.droidium.bibliapp.Orientation)
    82:82:protected boolean showDialog(java.lang.String,java.lang.String,java.lang.String,android.view.View$OnClickListener)
    88:88:protected boolean showDialog(java.lang.String,java.lang.String,java.lang.String,android.view.View$OnClickListener,java.lang.String,android.view.View$OnClickListener,hu.droidium.bibliapp.Orientation)
    95:95:protected boolean showDialog(java.lang.String,java.lang.String,java.lang.String,android.view.View$OnClickListener,java.lang.String,android.view.View$OnClickListener,java.lang.String,android.view.View$OnClickListener,hu.droidium.bibliapp.Orientation)
hu.droidium.bibliapp.BibleBaseActivity:
    private static final java.lang.String PENDING_PUBLISH_KEY
    private static final java.lang.String SHARED_PREFS
    private static final java.lang.String MESSAGE_KEY
    private static final java.lang.String VERS_ID_KEY
    private static final java.lang.String VERS_BODY_KEY
    private static final java.lang.String TAG
    private static java.util.ArrayList localizedTagMetas
    208:209:public java.util.List getBookmarksForChapter(java.lang.String,int)
    217:226:public java.util.List getTags()
    336:346:public static void silentLogin(android.content.Context)
    349:352:public static boolean isLoggedInWithFacebook(android.content.Context)
    362:362:public java.lang.String[] getBookIds()
hu.droidium.bibliapp.BibleBaseActivity$5
hu.droidium.bibliapp.BuildConfig
hu.droidium.bibliapp.Constants:
    public static final java.lang.String LAST_READ_BOOK_ID
    public static final java.lang.String LAST_READ_CHAPTER
    public static final java.lang.String LAST_READ_VERS
    public static final java.lang.String SHOULD_OPEN_LAST_READ
    public static final java.lang.String BOOK_ID
    public static final java.lang.String CHAPTER_INDEX
    public static final java.lang.String VERSE_INDEX
    public static final java.lang.String COLUMN_NAME_BOOK
    public static final java.lang.String COLUMN_NAME_CHAPTER
    public static final java.lang.String COLUMN_NAME_VERS
    private static final java.lang.String SHARED_PREFS
    public static final java.lang.String FACEBOOK_LOGIN_DECISION
    public static final int FACEBOOK_UNKNOWN
    public static final int FACEBOOK_DONT_ASK
    public static final int FACEBOOK_LOGIN
    public static final java.lang.String TEXT_SIZE_KEY
    public static final double TEXT_SIZE_FACTOR
    public static final java.lang.String TAG_META_ID
    10:10:public Constants()
hu.droidium.bibliapp.R
hu.droidium.bibliapp.R$anim
hu.droidium.bibliapp.R$attr
hu.droidium.bibliapp.R$color
hu.droidium.bibliapp.R$dimen
hu.droidium.bibliapp.R$drawable
hu.droidium.bibliapp.R$id
hu.droidium.bibliapp.R$layout
hu.droidium.bibliapp.R$menu
hu.droidium.bibliapp.R$string
hu.droidium.bibliapp.R$style
hu.droidium.bibliapp.R$styleable
hu.droidium.bibliapp.SettingsActivity:
    private static final java.lang.String TAG
hu.droidium.bibliapp.data.AssetReader:
    private static final java.lang.String TAG
    private static final java.lang.String RAW_DIRECTORY
    private static final java.lang.String TAG_META_FILE
    18:18:public AssetReader()
hu.droidium.bibliapp.data.Book:
    64:64:public java.lang.String getTitle()
    69:69:public java.lang.String getAbbreviation()
...
android.support.v4.view.KeyEventCompat:
    25:95:public KeyEventCompat()
    127:127:public static int normalizeMetaState(int)
    131:131:public static boolean metaStateHasModifiers(int,int)
    135:135:public static boolean metaStateHasNoModifiers(int)
android.support.v4.view.KeyEventCompat$BaseKeyEventVersionImpl:
    private static final int META_MODIFIER_MASK
    private static final int META_ALL_MASK
android.support.v4.view.KeyEventCompat$HoneycombKeyEventVersionImpl:
    98:98:public int normalizeMetaState(int)
android.support.v4.view.KeyEventCompat$KeyEventVersionImpl:
    public abstract int normalizeMetaState(int)
android.support.v4.view.KeyEventCompatHoneycomb:
    24:24:KeyEventCompatHoneycomb()
    26:26:public static int normalizeMetaState(int)
android.support.v4.view.MenuCompat
android.support.v4.view.MenuCompat$BaseMenuVersionImpl
android.support.v4.view.MenuCompat$HoneycombMenuVersionImpl
android.support.v4.view.MenuCompat$MenuVersionImpl
android.support.v4.view.MenuItemCompat
android.support.v4.view.MenuItemCompat$BaseMenuVersionImpl
android.support.v4.view.MenuItemCompat$HoneycombMenuVersionImpl
android.support.v4.view.MenuItemCompat$MenuVersionImpl
android.support.v4.view.MenuItemCompatHoneycomb
android.support.v4.view.MotionEventCompat:
    public static final int ACTION_MASK
    public static final int ACTION_POINTER_DOWN
    public static final int ACTION_POINTER_UP
    public static final int ACTION_HOVER_MOVE
    public static final int ACTION_SCROLL
    public static final int ACTION_POINTER_INDEX_MASK
    public static final int ACTION_POINTER_INDEX_SHIFT
    public static final int ACTION_HOVER_ENTER
    public static final int ACTION_HOVER_EXIT
    25:75:public MotionEventCompat()
    174:174:public static int getActionMasked(android.view.MotionEvent)
android.support.v4.view.MotionEventCompatEclair:
    24:24:MotionEventCompatEclair()
android.support.v4.view.PagerAdapter:
    public static final int POSITION_UNCHANGED
    public static final int POSITION_NONE
    78:79:public PagerAdapter()
    276:277:public void notifyDataSetChanged()
    297:297:public java.lang.CharSequence getPageTitle(int)
android.support.v4.view.PagerTabStrip
android.support.v4.view.PagerTabStrip$1
android.support.v4.view.PagerTabStrip$2
android.support.v4.view.PagerTitleStrip
android.support.v4.view.PagerTitleStrip$1
android.support.v4.view.PagerTitleStrip$PageListener
android.support.v4.view.PagerTitleStrip$PagerTitleStripImpl
android.support.v4.view.PagerTitleStrip$PagerTitleStripImplBase
android.support.v4.view.PagerTitleStrip$PagerTitleStripImplIcs
android.support.v4.view.PagerTitleStripIcs
android.support.v4.view.PagerTitleStripIcs$SingleLineAllCapsTransform
android.support.v4.view.VelocityTrackerCompat:
    25:51:public VelocityTrackerCompat()
    91:91:public static float getYVelocity(android.view.VelocityTracker,int)
android.support.v4.view.VelocityTrackerCompat$BaseVelocityTrackerVersionImpl:
    44:44:public float getYVelocity(android.view.VelocityTracker,int)
android.support.v4.view.VelocityTrackerCompat$HoneycombVelocityTrackerVersionImpl:
    58:58:public float getYVelocity(android.view.VelocityTracker,int)
android.support.v4.view.VelocityTrackerCompat$VelocityTrackerVersionImpl:
    public abstract float getYVelocity(android.view.VelocityTracker,int)
android.support.v4.view.VelocityTrackerCompatHoneycomb:
    24:24:VelocityTrackerCompatHoneycomb()
    29:29:public static float getYVelocity(android.view.VelocityTracker,int)